<?xml version="1.0" encoding="UTF-8"?>
<testng-results ignored="0" total="1" passed="1" failed="0" skipped="0">
  <reporter-output>
  </reporter-output>
  <suite started-at="2023-11-23T10:59:22 IST" name="Default suite" finished-at="2023-11-23T10:59:23 IST" duration-ms="969">
    <groups>
    </groups>
    <test started-at="2023-11-23T10:59:22 IST" name="Default test" finished-at="2023-11-23T10:59:23 IST" duration-ms="969">
      <class name="com.testCases.Login">
        <test-method signature="signin()[pri:0, instance:com.testCases.Login@71a9b4c7]" started-at="2023-11-23T10:59:22 IST" name="signin" finished-at="2023-11-23T10:59:23 IST" duration-ms="745" status="PASS">
          <reporter-output>
          </reporter-output>
        </test-method> <!-- signin -->
        <test-method is-config="true" signature="tearDown()[pri:0, instance:com.testCases.Login@71a9b4c7]" started-at="2023-11-23T10:59:23 IST" name="tearDown" finished-at="2023-11-23T10:59:23 IST" duration-ms="152" status="PASS">
          <reporter-output>
          </reporter-output>
        </test-method> <!-- tearDown -->
      </class> <!-- com.testCases.Login -->
    </test> <!-- Default test -->
  </suite> <!-- Default suite -->
</testng-results>
